<?xml version="1.0" encoding="UTF-8"?>
<!-- Generated by org.testng.reporters.JUnitReportReporter -->
<testsuite hostname="FH400" failures="0" tests="1" name="KeyWordDriven.Methods" time="0.015" errors="0" timestamp="22 Aug 2019 11:58:22 GMT" skipped="0">
  <testcase classname="KeyWordDriven.Methods" name="verify_login" time="0.015"/>
</testsuite> <!-- KeyWordDriven.Methods -->
